Arguments: 
  /Users/yupit/.nvm/versions/node/v8.9.1/bin/node /usr/local/Cellar/yarn/1.5.1/libexec/bin/yarn.js outdated angular:directive smartMenu

PATH: 
  /Users/yupit/anaconda2/bin:/usr/local/php5/bin:/Users/yupit/.nvm/versions/node/v8.9.1/bin:/Library/Frameworks/Python.framework/Versions/3.6/bin:/usr/local/bin:/usr/bin:/bin:/usr/sbin:/sbin:/usr/local/go/bin:/Applications/Postgres.app/Contents/Versions/latest/bin:/Users/yupit/anaconda3/bin:/usr/bin:/bin:/usr/sbin:/sbin:/Users/yupit/Library/Android/sdk/tools:/Users/yupit/Library/Android/sdk/platform-tools:/Applications/mampstack-7.1.14-0/mysql/bin

Yarn version: 
  1.5.1

Node version: 
  8.9.1

Platform: 
  darwin x64

npm manifest: 
  {
    "name": "actualfront",
    "private": true,
    "devDependencies": {
      "autoprefixer-core": "^5.2.1",
      "grunt": "^0.4.5",
      "grunt-angular-templates": "^0.5.7",
      "grunt-concurrent": "^1.0.0",
      "grunt-contrib-clean": "^0.6.0",
      "grunt-contrib-concat": "^0.5.0",
      "grunt-contrib-connect": "^0.9.0",
      "grunt-contrib-copy": "^0.7.0",
      "grunt-contrib-cssmin": "^0.12.0",
      "grunt-contrib-htmlmin": "^0.4.0",
      "grunt-contrib-imagemin": "^1.0.0",
      "grunt-contrib-jshint": "^0.11.0",
      "grunt-contrib-uglify": "^0.7.0",
      "grunt-contrib-watch": "^0.6.1",
      "grunt-filerev": "^2.1.2",
      "grunt-google-cdn": "^0.4.3",
      "grunt-jscs": "^1.8.0",
      "grunt-karma": "^0.12.2",
      "grunt-newer": "^1.1.0",
      "grunt-ng-annotate": "^0.9.2",
      "grunt-postcss": "^0.5.5",
      "grunt-svgmin": "^2.0.0",
      "grunt-usemin": "^3.0.0",
      "grunt-wiredep": "^2.0.0",
      "jit-grunt": "^0.9.1",
      "jshint-stylish": "^1.0.0",
      "karma": "^0.13.22",
      "karma-chai": "^0.1.0",
      "karma-mocha": "^0.2.2",
      "karma-phantomjs-launcher": "*",
      "karma-sinon-chai": "^1.2.0",
      "mocha": "^2.4.5",
      "phantomjs-prebuilt": "^2.1.5",
      "time-grunt": "^1.0.0"
    },
    "engines": {
      "node": ">=0.10.0"
    },
    "scripts": {
      "test": "grunt test",
      "postinstall": "npm install -g bower && npm install -g grunt-cli && bower install"
    },
    "dependencies": {
      "connect-modrewrite": "^0.9.0",
      "grunt-ng-constant": "^2.0.1",
      "grunt-processhtml": "^0.4.1"
    }
  }

yarn manifest: 
  No manifest

Lockfile: 
  No lockfile

Trace: 
  Error: No lockfile in this directory. Run `yarn install` to generate one.
      at new MessageError (/usr/local/Cellar/yarn/1.5.1/libexec/lib/cli.js:186:110)
      at /usr/local/Cellar/yarn/1.5.1/libexec/lib/cli.js:89389:13
      at <anonymous>
